Starting job 15673495 ("mapping_Genome") on c60-1 at sø. 02. okt. 21:56:33 +0200 2016
[bwa_index] Pack FASTA... 34.49 sec
[bwa_index] Construct BWT for the packed sequence...
[BWTIncCreate] textLength=5933780406, availableWord=429522560
[BWTIncConstructFromPacked] 10 iterations done. 99999990 characters processed.
[BWTIncConstructFromPacked] 20 iterations done. 199999990 characters processed.
[BWTIncConstructFromPacked] 30 iterations done. 299999990 characters processed.
[BWTIncConstructFromPacked] 40 iterations done. 399999990 characters processed.
[BWTIncConstructFromPacked] 50 iterations done. 499999990 characters processed.
[BWTIncConstructFromPacked] 60 iterations done. 599999990 characters processed.
[BWTIncConstructFromPacked] 70 iterations done. 699999990 characters processed.
[BWTIncConstructFromPacked] 80 iterations done. 799999990 characters processed.
[BWTIncConstructFromPacked] 90 iterations done. 899999990 characters processed.
[BWTIncConstructFromPacked] 100 iterations done. 999999990 characters processed.
[BWTIncConstructFromPacked] 110 iterations done. 1099999990 characters processed.
[BWTIncConstructFromPacked] 120 iterations done. 1199999990 characters processed.
[BWTIncConstructFromPacked] 130 iterations done. 1299999990 characters processed.
[BWTIncConstructFromPacked] 140 iterations done. 1399999990 characters processed.
[BWTIncConstructFromPacked] 150 iterations done. 1499999990 characters processed.
[BWTIncConstructFromPacked] 160 iterations done. 1599999990 characters processed.
[BWTIncConstructFromPacked] 170 iterations done. 1699999990 characters processed.
[BWTIncConstructFromPacked] 180 iterations done. 1799999990 characters processed.
[BWTIncConstructFromPacked] 190 iterations done. 1899999990 characters processed.
[BWTIncConstructFromPacked] 200 iterations done. 1999999990 characters processed.
[BWTIncConstructFromPacked] 210 iterations done. 2099999990 characters processed.
[BWTIncConstructFromPacked] 220 iterations done. 2199999990 characters processed.
[BWTIncConstructFromPacked] 230 iterations done. 2299999990 characters processed.
[BWTIncConstructFromPacked] 240 iterations done. 2399999990 characters processed.
[BWTIncConstructFromPacked] 250 iterations done. 2499999990 characters processed.
[BWTIncConstructFromPacked] 260 iterations done. 2599999990 characters processed.
[BWTIncConstructFromPacked] 270 iterations done. 2699999990 characters processed.
[BWTIncConstructFromPacked] 280 iterations done. 2799999990 characters processed.
[BWTIncConstructFromPacked] 290 iterations done. 2899999990 characters processed.
[BWTIncConstructFromPacked] 300 iterations done. 2999999990 characters processed.
[BWTIncConstructFromPacked] 310 iterations done. 3099999990 characters processed.
[BWTIncConstructFromPacked] 320 iterations done. 3199999990 characters processed.
[BWTIncConstructFromPacked] 330 iterations done. 3299999990 characters processed.
[BWTIncConstructFromPacked] 340 iterations done. 3399999990 characters processed.
[BWTIncConstructFromPacked] 350 iterations done. 3499999990 characters processed.
[BWTIncConstructFromPacked] 360 iterations done. 3599999990 characters processed.
[BWTIncConstructFromPacked] 370 iterations done. 3699999990 characters processed.
[BWTIncConstructFromPacked] 380 iterations done. 3799999990 characters processed.
[BWTIncConstructFromPacked] 390 iterations done. 3899999990 characters processed.
[BWTIncConstructFromPacked] 400 iterations done. 3999999990 characters processed.
[BWTIncConstructFromPacked] 410 iterations done. 4099999990 characters processed.
[BWTIncConstructFromPacked] 420 iterations done. 4199999990 characters processed.
[BWTIncConstructFromPacked] 430 iterations done. 4299999990 characters processed.
[BWTIncConstructFromPacked] 440 iterations done. 4399999990 characters processed.
[BWTIncConstructFromPacked] 450 iterations done. 4499999990 characters processed.
[BWTIncConstructFromPacked] 460 iterations done. 4599999990 characters processed.
[BWTIncConstructFromPacked] 470 iterations done. 4699999990 characters processed.
[BWTIncConstructFromPacked] 480 iterations done. 4799999990 characters processed.
[BWTIncConstructFromPacked] 490 iterations done. 4899999990 characters processed.
[BWTIncConstructFromPacked] 500 iterations done. 4999999990 characters processed.
[BWTIncConstructFromPacked] 510 iterations done. 5099999990 characters processed.
[BWTIncConstructFromPacked] 520 iterations done. 5199999990 characters processed.
[BWTIncConstructFromPacked] 530 iterations done. 5299003606 characters processed.
[BWTIncConstructFromPacked] 540 iterations done. 5388830438 characters processed.
[BWTIncConstructFromPacked] 550 iterations done. 5468664790 characters processed.
[BWTIncConstructFromPacked] 560 iterations done. 5539617750 characters processed.
[BWTIncConstructFromPacked] 570 iterations done. 5602676918 characters processed.
[BWTIncConstructFromPacked] 580 iterations done. 5658720038 characters processed.
[BWTIncConstructFromPacked] 590 iterations done. 5708527286 characters processed.
[BWTIncConstructFromPacked] 600 iterations done. 5752792086 characters processed.
[BWTIncConstructFromPacked] 610 iterations done. 5792130726 characters processed.
[BWTIncConstructFromPacked] 620 iterations done. 5827090982 characters processed.
[BWTIncConstructFromPacked] 630 iterations done. 5858159702 characters processed.
[BWTIncConstructFromPacked] 640 iterations done. 5885769622 characters processed.
[BWTIncConstructFromPacked] 650 iterations done. 5910305398 characters processed.
[BWTIncConstructFromPacked] 660 iterations done. 5932108790 characters processed.
[bwa_index] 4167.64 seconds elapse.
[bwa_index] Update BWT... 21.89 sec
[bwa_index] Pack forward-only FASTA... 25.02 sec
[bwa_index] Construct SA from BWT and Occ... 1398.40 sec
[bwt_gen] Finished constructing BWT in 661 iterations.
[main] Version: 0.7.5a-r405
[main] CMD: bwa index -a bwtsw salmonRef.fa
[main] Real time: 5772.297 sec; CPU: 5647.453 sec
[bwa_aln] 17bp reads: max_diff = 2
[bwa_aln] 38bp reads: max_diff = 3
[bwa_aln] 64bp reads: max_diff = 4
[bwa_aln] 93bp reads: max_diff = 5
[bwa_aln] 124bp reads: max_diff = 6
[bwa_aln] 157bp reads: max_diff = 7
[bwa_aln] 190bp reads: max_diff = 8
[bwa_aln] 225bp reads: max_diff = 9
[bwa_aln_core] calculate SA coordinate... 255.22 sec
[bwa_aln_core] write to the disk... 0.06 sec
[bwa_aln_core] 262144 sequences have been processed.
[bwa_aln_core] calculate SA coordinate... 306.05 sec
[bwa_aln_core] write to the disk... 0.06 sec
[bwa_aln_core] 524288 sequences have been processed.
[bwa_aln_core] calculate SA coordinate... 843.13 sec
[bwa_aln_core] write to the disk... 0.05 sec
[bwa_aln_core] 786432 sequences have been processed.
[bwa_aln_core] calculate SA coordinate... 910.15 sec
[bwa_aln_core] write to the disk... 0.05 sec
[bwa_aln_core] 1048576 sequences have been processed.
[bwa_aln_core] calculate SA coordinate... 804.64 sec
[bwa_aln_core] write to the disk... 0.07 sec
[bwa_aln_core] 1310720 sequences have been processed.
[bwa_aln_core] calculate SA coordinate... 807.55 sec
[bwa_aln_core] write to the disk... 0.06 sec
[bwa_aln_core] 1572864 sequences have been processed.
[bwa_aln_core] calculate SA coordinate... 1001.08 sec
[bwa_aln_core] write to the disk... 0.04 sec
[bwa_aln_core] 1835008 sequences have been processed.
[bwa_aln_core] calculate SA coordinate... 1012.35 sec
[bwa_aln_core] write to the disk... 0.06 sec
[bwa_aln_core] 2097152 sequences have been processed.
[bwa_aln_core] calculate SA coordinate... 1063.65 sec
[bwa_aln_core] write to the disk... 0.05 sec
[bwa_aln_core] 2359296 sequences have been processed.
[bwa_aln_core] calculate SA coordinate... 1065.11 sec
[bwa_aln_core] write to the disk... 0.05 sec
[bwa_aln_core] 2621440 sequences have been processed.
[bwa_aln_core] calculate SA coordinate... 1186.03 sec
[bwa_aln_core] write to the disk... 0.04 sec
[bwa_aln_core] 2883584 sequences have been processed.
[bwa_aln_core] calculate SA coordinate... 1221.55 sec
[bwa_aln_core] write to the disk... 0.06 sec
[bwa_aln_core] 3145728 sequences have been processed.
[bwa_aln_core] calculate SA coordinate... 1030.19 sec
[bwa_aln_core] write to the disk... 0.06 sec
[bwa_aln_core] 3407872 sequences have been processed.
[bwa_aln_core] calculate SA coordinate... 1081.02 sec
[bwa_aln_core] write to the disk... 0.05 sec
[bwa_aln_core] 3670016 sequences have been processed.
[bwa_aln_core] calculate SA coordinate... 1136.23 sec
[bwa_aln_core] write to the disk... 0.05 sec
[bwa_aln_core] 3932160 sequences have been processed.
[bwa_aln_core] calculate SA coordinate... 1123.39 sec
[bwa_aln_core] write to the disk... 0.05 sec
[bwa_aln_core] 4194304 sequences have been processed.
[bwa_aln_core] calculate SA coordinate... 1172.23 sec
[bwa_aln_core] write to the disk... 0.05 sec
[bwa_aln_core] 4456448 sequences have been processed.
[bwa_aln_core] calculate SA coordinate... 1056.34 sec
[bwa_aln_core] write to the disk... 0.05 sec
[bwa_aln_core] 4718592 sequences have been processed.
[bwa_aln_core] calculate SA coordinate... 1216.62 sec
[bwa_aln_core] write to the disk... 0.05 sec
[bwa_aln_core] 4980736 sequences have been processed.
[bwa_aln_core] calculate SA coordinate... 1087.32 sec
[bwa_aln_core] write to the disk... 0.06 sec
[bwa_aln_core] 5242880 sequences have been processed.
[bwa_aln_core] calculate SA coordinate... 1240.94 sec
[bwa_aln_core] write to the disk... 0.06 sec
[bwa_aln_core] 5505024 sequences have been processed.
[bwa_aln_core] calculate SA coordinate... 1099.28 sec
[bwa_aln_core] write to the disk... 0.06 sec
[bwa_aln_core] 5767168 sequences have been processed.
[bwa_aln_core] calculate SA coordinate... 1258.57 sec
[bwa_aln_core] write to the disk... 0.05 sec
[bwa_aln_core] 6029312 sequences have been processed.
[bwa_aln_core] calculate SA coordinate... 1087.02 sec
[bwa_aln_core] write to the disk... 0.06 sec
[bwa_aln_core] 6291456 sequences have been processed.
[bwa_aln_core] calculate SA coordinate... 913.68 sec
[bwa_aln_core] write to the disk... 0.06 sec
[bwa_aln_core] 6553600 sequences have been processed.
[bwa_aln_core] calculate SA coordinate... 685.22 sec
[bwa_aln_core] write to the disk... 0.06 sec
[bwa_aln_core] 6815744 sequences have been processed.
[bwa_aln_core] calculate SA coordinate... 1194.68 sec
[bwa_aln_core] write to the disk... 0.06 sec
[bwa_aln_core] 7077888 sequences have been processed.
[bwa_aln_core] calculate SA coordinate... 1207.38 sec
[bwa_aln_core] write to the disk... 0.06 sec
[bwa_aln_core] 7340032 sequences have been processed.
[bwa_aln_core] calculate SA coordinate... 1317.82 sec
[bwa_aln_core] write to the disk... 0.05 sec
[bwa_aln_core] 7602176 sequences have been processed.
[bwa_aln_core] calculate SA coordinate... 1368.91 sec
[bwa_aln_core] write to the disk... 0.06 sec
[bwa_aln_core] 7864320 sequences have been processed.
[bwa_aln_core] calculate SA coordinate... 1252.80 sec
[bwa_aln_core] write to the disk... 0.05 sec
[bwa_aln_core] 8126464 sequences have been processed.
[bwa_aln_core] calculate SA coordinate... 1308.39 sec
[bwa_aln_core] write to the disk... 0.06 sec
[bwa_aln_core] 8388608 sequences have been processed.
[bwa_aln_core] calculate SA coordinate... 1132.81 sec
[bwa_aln_core] write to the disk... 0.03 sec
[bwa_aln_core] 8650752 sequences have been processed.
[bwa_aln_core] calculate SA coordinate... 1149.20 sec
[bwa_aln_core] write to the disk... 0.06 sec
[bwa_aln_core] 8912896 sequences have been processed.
[bwa_aln_core] calculate SA coordinate... 790.60 sec
[bwa_aln_core] write to the disk... 0.05 sec
[bwa_aln_core] 9175040 sequences have been processed.
[bwa_aln_core] calculate SA coordinate... 598.30 sec
[bwa_aln_core] write to the disk... 0.04 sec
[bwa_aln_core] 9437184 sequences have been processed.
[bwa_aln_core] calculate SA coordinate... 999.94 sec
[bwa_aln_core] write to the disk... 0.06 sec
[bwa_aln_core] 9699328 sequences have been processed.
[bwa_aln_core] calculate SA coordinate... 1126.37 sec
[bwa_aln_core] write to the disk... 0.06 sec
[bwa_aln_core] 9961472 sequences have been processed.
[bwa_aln_core] calculate SA coordinate... 491.83 sec
[bwa_aln_core] write to the disk... 0.05 sec
[bwa_aln_core] 10223616 sequences have been processed.
[bwa_aln_core] calculate SA coordinate... 186.18 sec
[bwa_aln_core] write to the disk... 0.05 sec
[bwa_aln_core] 10485760 sequences have been processed.
[bwa_aln_core] calculate SA coordinate... 108.69 sec
[bwa_aln_core] write to the disk... 0.07 sec
[bwa_aln_core] 10747904 sequences have been processed.
[bwa_aln_core] calculate SA coordinate... 198.16 sec
[bwa_aln_core] write to the disk... 0.06 sec
[bwa_aln_core] 11010048 sequences have been processed.
[bwa_aln_core] calculate SA coordinate... 314.09 sec
[bwa_aln_core] write to the disk... 0.06 sec
[bwa_aln_core] 11272192 sequences have been processed.
[bwa_aln_core] calculate SA coordinate... 1036.52 sec
[bwa_aln_core] write to the disk... 0.05 sec
[bwa_aln_core] 11534336 sequences have been processed.
[bwa_aln_core] calculate SA coordinate... 1188.47 sec
[bwa_aln_core] write to the disk... 0.05 sec
[bwa_aln_core] 11796480 sequences have been processed.
[bwa_aln_core] calculate SA coordinate... 1283.75 sec
[bwa_aln_core] write to the disk... 0.06 sec
[bwa_aln_core] 12058624 sequences have been processed.
[bwa_aln_core] calculate SA coordinate... 1274.68 sec
[bwa_aln_core] write to the disk... 0.05 sec
[bwa_aln_core] 12320768 sequences have been processed.
[bwa_aln_core] calculate SA coordinate... 1268.96 sec
[bwa_aln_core] write to the disk... 0.05 sec
[bwa_aln_core] 12582912 sequences have been processed.
[bwa_aln_core] calculate SA coordinate... 1272.52 sec
[bwa_aln_core] write to the disk... 0.06 sec
[bwa_aln_core] 12845056 sequences have been processed.
[bwa_aln_core] calculate SA coordinate... 1216.89 sec
[bwa_aln_core] write to the disk... 0.05 sec
[bwa_aln_core] 13107200 sequences have been processed.
[bwa_aln_core] calculate SA coordinate... 1245.42 sec
[bwa_aln_core] write to the disk... 0.06 sec
[bwa_aln_core] 13369344 sequences have been processed.
[bwa_aln_core] calculate SA coordinate... 1065.45 sec
[bwa_aln_core] write to the disk... 0.06 sec
[bwa_aln_core] 13631488 sequences have been processed.
[bwa_aln_core] calculate SA coordinate... 1149.02 sec
[bwa_aln_core] write to the disk... 0.05 sec
[bwa_aln_core] 13893632 sequences have been processed.
[bwa_aln_core] calculate SA coordinate... 978.45 sec
[bwa_aln_core] write to the disk... 0.06 sec
[bwa_aln_core] 14155776 sequences have been processed.
[bwa_aln_core] calculate SA coordinate... 1151.73 sec
[bwa_aln_core] write to the disk... 0.04 sec
[bwa_aln_core] 14417920 sequences have been processed.
[bwa_aln_core] calculate SA coordinate... 976.45 sec
[bwa_aln_core] write to the disk... 0.06 sec
[bwa_aln_core] 14680064 sequences have been processed.
[bwa_aln_core] calculate SA coordinate... 1157.18 sec
[bwa_aln_core] write to the disk... 0.05 sec
[bwa_aln_core] 14942208 sequences have been processed.
[bwa_aln_core] calculate SA coordinate... 1011.23 sec
[bwa_aln_core] write to the disk... 0.04 sec
[bwa_aln_core] 15204352 sequences have been processed.
[bwa_aln_core] calculate SA coordinate... 1232.85 sec
[bwa_aln_core] write to the disk... 0.07 sec
[bwa_aln_core] 15466496 sequences have been processed.
[bwa_aln_core] calculate SA coordinate... 1072.92 sec
[bwa_aln_core] write to the disk... 0.05 sec
[bwa_aln_core] 15728640 sequences have been processed.
[bwa_aln_core] calculate SA coordinate... 1310.28 sec
[bwa_aln_core] write to the disk... 0.05 sec
[bwa_aln_core] 15990784 sequences have been processed.
[bwa_aln_core] calculate SA coordinate... 1357.68 sec
[bwa_aln_core] write to the disk... 0.05 sec
[bwa_aln_core] 16252928 sequences have been processed.
[bwa_aln_core] calculate SA coordinate... 655.83 sec
[bwa_aln_core] write to the disk... 0.06 sec
[bwa_aln_core] 16515072 sequences have been processed.
[bwa_aln_core] calculate SA coordinate... 591.14 sec
[bwa_aln_core] write to the disk... 0.04 sec
[bwa_aln_core] 16777216 sequences have been processed.
[bwa_aln_core] calculate SA coordinate... 293.38 sec
[bwa_aln_core] write to the disk... 0.06 sec
[bwa_aln_core] 17039360 sequences have been processed.
[bwa_aln_core] calculate SA coordinate... 277.94 sec
[bwa_aln_core] write to the disk... 0.05 sec
[bwa_aln_core] 17301504 sequences have been processed.
[bwa_aln_core] calculate SA coordinate... 298.58 sec
[bwa_aln_core] write to the disk... 0.06 sec
[bwa_aln_core] 17563648 sequences have been processed.
[bwa_aln_core] calculate SA coordinate... 17.95 sec
[bwa_aln_core] write to the disk... 0.00 sec
[bwa_aln_core] 17577648 sequences have been processed.
[main] Version: 0.7.5a-r405
[main] CMD: bwa aln -t 24 salmonRef.fa Sample-2_1.fastq
[main] Real time: 3670.209 sec; CPU: 64853.967 sec
[bwa_aln] 17bp reads: max_diff = 2
[bwa_aln] 38bp reads: max_diff = 3
[bwa_aln] 64bp reads: max_diff = 4
[bwa_aln] 93bp reads: max_diff = 5
[bwa_aln] 124bp reads: max_diff = 6
[bwa_aln] 157bp reads: max_diff = 7
[bwa_aln] 190bp reads: max_diff = 8
[bwa_aln] 225bp reads: max_diff = 9
[bwa_aln_core] calculate SA coordinate... 1161.21 sec
[bwa_aln_core] write to the disk... 0.05 sec
[bwa_aln_core] 262144 sequences have been processed.
[bwa_aln_core] calculate SA coordinate... 1084.89 sec
[bwa_aln_core] write to the disk... 0.05 sec
[bwa_aln_core] 524288 sequences have been processed.
[bwa_aln_core] calculate SA coordinate... 1758.21 sec
[bwa_aln_core] write to the disk... 0.04 sec
[bwa_aln_core] 786432 sequences have been processed.
[bwa_aln_core] calculate SA coordinate... 1476.84 sec
[bwa_aln_core] write to the disk... 0.03 sec
[bwa_aln_core] 1048576 sequences have been processed.
[bwa_aln_core] calculate SA coordinate... 1711.83 sec
[bwa_aln_core] write to the disk... 0.05 sec
[bwa_aln_core] 1310720 sequences have been processed.
[bwa_aln_core] calculate SA coordinate... 1516.01 sec
[bwa_aln_core] write to the disk... 0.05 sec
[bwa_aln_core] 1572864 sequences have been processed.
[bwa_aln_core] calculate SA coordinate... 1717.97 sec
[bwa_aln_core] write to the disk... 0.05 sec
[bwa_aln_core] 1835008 sequences have been processed.
[bwa_aln_core] calculate SA coordinate... 1548.61 sec
[bwa_aln_core] write to the disk... 0.05 sec
[bwa_aln_core] 2097152 sequences have been processed.
[bwa_aln_core] calculate SA coordinate... 1662.95 sec
[bwa_aln_core] write to the disk... 0.05 sec
[bwa_aln_core] 2359296 sequences have been processed.
[bwa_aln_core] calculate SA coordinate... 1523.67 sec
[bwa_aln_core] write to the disk... 0.05 sec
[bwa_aln_core] 2621440 sequences have been processed.
[bwa_aln_core] calculate SA coordinate... 1665.57 sec
[bwa_aln_core] write to the disk... 0.03 sec
[bwa_aln_core] 2883584 sequences have been processed.
[bwa_aln_core] calculate SA coordinate... 1540.55 sec
[bwa_aln_core] write to the disk... 0.05 sec
[bwa_aln_core] 3145728 sequences have been processed.
[bwa_aln_core] calculate SA coordinate... 1589.81 sec
[bwa_aln_core] write to the disk... 0.05 sec
[bwa_aln_core] 3407872 sequences have been processed.
[bwa_aln_core] calculate SA coordinate... 1537.78 sec
[bwa_aln_core] write to the disk... 0.05 sec
[bwa_aln_core] 3670016 sequences have been processed.
[bwa_aln_core] calculate SA coordinate... 1632.22 sec
[bwa_aln_core] write to the disk... 0.03 sec
[bwa_aln_core] 3932160 sequences have been processed.
[bwa_aln_core] calculate SA coordinate... 1535.86 sec
[bwa_aln_core] write to the disk... 0.05 sec
[bwa_aln_core] 4194304 sequences have been processed.
[bwa_aln_core] calculate SA coordinate... 1614.25 sec
[bwa_aln_core] write to the disk... 0.06 sec
[bwa_aln_core] 4456448 sequences have been processed.
[bwa_aln_core] calculate SA coordinate... 1676.27 sec
[bwa_aln_core] write to the disk... 0.04 sec
[bwa_aln_core] 4718592 sequences have been processed.
[bwa_aln_core] calculate SA coordinate... 1648.40 sec
[bwa_aln_core] write to the disk... 0.05 sec
[bwa_aln_core] 4980736 sequences have been processed.
[bwa_aln_core] calculate SA coordinate... 1694.32 sec
[bwa_aln_core] write to the disk... 0.05 sec
[bwa_aln_core] 5242880 sequences have been processed.
[bwa_aln_core] calculate SA coordinate... 1551.19 sec
[bwa_aln_core] write to the disk... 0.06 sec
[bwa_aln_core] 5505024 sequences have been processed.
[bwa_aln_core] calculate SA coordinate... 1691.71 sec
[bwa_aln_core] write to the disk... 0.06 sec
[bwa_aln_core] 5767168 sequences have been processed.
[bwa_aln_core] calculate SA coordinate... 1511.83 sec
[bwa_aln_core] write to the disk... 0.06 sec
[bwa_aln_core] 6029312 sequences have been processed.
[bwa_aln_core] calculate SA coordinate... 1728.11 sec
[bwa_aln_core] write to the disk... 0.06 sec
[bwa_aln_core] 6291456 sequences have been processed.
[bwa_aln_core] calculate SA coordinate... 1510.07 sec
[bwa_aln_core] write to the disk... 0.06 sec
[bwa_aln_core] 6553600 sequences have been processed.
[bwa_aln_core] calculate SA coordinate... 1638.68 sec
[bwa_aln_core] write to the disk... 0.05 sec
[bwa_aln_core] 6815744 sequences have been processed.
[bwa_aln_core] calculate SA coordinate... 1452.94 sec
[bwa_aln_core] write to the disk... 0.05 sec
[bwa_aln_core] 7077888 sequences have been processed.
[bwa_aln_core] calculate SA coordinate... 1685.77 sec
[bwa_aln_core] write to the disk... 0.04 sec
[bwa_aln_core] 7340032 sequences have been processed.
[bwa_aln_core] calculate SA coordinate... 1465.81 sec
[bwa_aln_core] write to the disk... 0.05 sec
[bwa_aln_core] 7602176 sequences have been processed.
[bwa_aln_core] calculate SA coordinate... 1630.35 sec
[bwa_aln_core] write to the disk... 0.06 sec
[bwa_aln_core] 7864320 sequences have been processed.
[bwa_aln_core] calculate SA coordinate... 1457.94 sec
[bwa_aln_core] write to the disk... 0.06 sec
[bwa_aln_core] 8126464 sequences have been processed.
[bwa_aln_core] calculate SA coordinate... 1660.30 sec
[bwa_aln_core] write to the disk... 0.05 sec
[bwa_aln_core] 8388608 sequences have been processed.
[bwa_aln_core] calculate SA coordinate... 1484.26 sec
[bwa_aln_core] write to the disk... 0.04 sec
[bwa_aln_core] 8650752 sequences have been processed.
[bwa_aln_core] calculate SA coordinate... 1703.91 sec
[bwa_aln_core] write to the disk... 0.05 sec
[bwa_aln_core] 8912896 sequences have been processed.
[bwa_aln_core] calculate SA coordinate... 1482.05 sec
[bwa_aln_core] write to the disk... 0.06 sec
[bwa_aln_core] 9175040 sequences have been processed.
[bwa_aln_core] calculate SA coordinate... 1687.91 sec
[bwa_aln_core] write to the disk... 0.04 sec
[bwa_aln_core] 9437184 sequences have been processed.
[bwa_aln_core] calculate SA coordinate... 1514.30 sec
[bwa_aln_core] write to the disk... 0.05 sec
[bwa_aln_core] 9699328 sequences have been processed.
[bwa_aln_core] calculate SA coordinate... 1603.93 sec
[bwa_aln_core] write to the disk... 0.06 sec
[bwa_aln_core] 9961472 sequences have been processed.
[bwa_aln_core] calculate SA coordinate... 952.25 sec
[bwa_aln_core] write to the disk... 0.05 sec
[bwa_aln_core] 10223616 sequences have been processed.
[bwa_aln_core] calculate SA coordinate... 810.41 sec
[bwa_aln_core] write to the disk... 0.04 sec
[bwa_aln_core] 10485760 sequences have been processed.
[bwa_aln_core] calculate SA coordinate... 1627.48 sec
[bwa_aln_core] write to the disk... 0.03 sec
[bwa_aln_core] 10747904 sequences have been processed.
[bwa_aln_core] calculate SA coordinate... 1245.40 sec
[bwa_aln_core] write to the disk... 0.06 sec
[bwa_aln_core] 11010048 sequences have been processed.
[bwa_aln_core] calculate SA coordinate... 1222.45 sec
[bwa_aln_core] write to the disk... 0.05 sec
[bwa_aln_core] 11272192 sequences have been processed.
[bwa_aln_core] calculate SA coordinate... 1126.57 sec
[bwa_aln_core] write to the disk... 0.06 sec
[bwa_aln_core] 11534336 sequences have been processed.
[bwa_aln_core] calculate SA coordinate... 1121.54 sec
[bwa_aln_core] write to the disk... 0.05 sec
[bwa_aln_core] 11796480 sequences have been processed.
[bwa_aln_core] calculate SA coordinate... 1474.54 sec
[bwa_aln_core] write to the disk... 0.05 sec
[bwa_aln_core] 12058624 sequences have been processed.
[bwa_aln_core] calculate SA coordinate... 1301.99 sec
[bwa_aln_core] write to the disk... 0.05 sec
[bwa_aln_core] 12320768 sequences have been processed.
[bwa_aln_core] calculate SA coordinate... 1539.33 sec
[bwa_aln_core] write to the disk... 0.05 sec
[bwa_aln_core] 12582912 sequences have been processed.
[bwa_aln_core] calculate SA coordinate... 1374.88 sec
[bwa_aln_core] write to the disk... 0.05 sec
[bwa_aln_core] 12845056 sequences have been processed.
[bwa_aln_core] calculate SA coordinate... 1475.94 sec
[bwa_aln_core] write to the disk... 0.05 sec
[bwa_aln_core] 13107200 sequences have been processed.
[bwa_aln_core] calculate SA coordinate... 1084.66 sec
[bwa_aln_core] write to the disk... 0.05 sec
[bwa_aln_core] 13369344 sequences have been processed.
[bwa_aln_core] calculate SA coordinate... 705.20 sec
[bwa_aln_core] write to the disk... 0.05 sec
[bwa_aln_core] 13631488 sequences have been processed.
[bwa_aln_core] calculate SA coordinate... 821.17 sec
[bwa_aln_core] write to the disk... 0.06 sec
[bwa_aln_core] 13893632 sequences have been processed.
[bwa_aln_core] calculate SA coordinate... 1514.85 sec
[bwa_aln_core] write to the disk... 0.06 sec
[bwa_aln_core] 14155776 sequences have been processed.
[bwa_aln_core] calculate SA coordinate... 1175.33 sec
[bwa_aln_core] write to the disk... 0.03 sec
[bwa_aln_core] 14417920 sequences have been processed.
[bwa_aln_core] calculate SA coordinate... 1483.28 sec
[bwa_aln_core] write to the disk... 0.05 sec
[bwa_aln_core] 14680064 sequences have been processed.
[bwa_aln_core] calculate SA coordinate... 1165.61 sec
[bwa_aln_core] write to the disk... 0.04 sec
[bwa_aln_core] 14942208 sequences have been processed.
[bwa_aln_core] calculate SA coordinate... 1153.84 sec
[bwa_aln_core] write to the disk... 0.04 sec
[bwa_aln_core] 15204352 sequences have been processed.
[bwa_aln_core] calculate SA coordinate... 910.56 sec
[bwa_aln_core] write to the disk... 0.05 sec
[bwa_aln_core] 15466496 sequences have been processed.
[bwa_aln_core] calculate SA coordinate... 1123.76 sec
[bwa_aln_core] write to the disk... 0.05 sec
[bwa_aln_core] 15728640 sequences have been processed.
[bwa_aln_core] calculate SA coordinate... 1018.34 sec
[bwa_aln_core] write to the disk... 0.07 sec
[bwa_aln_core] 15990784 sequences have been processed.
[bwa_aln_core] calculate SA coordinate... 1083.29 sec
[bwa_aln_core] write to the disk... 0.05 sec
[bwa_aln_core] 16252928 sequences have been processed.
[bwa_aln_core] calculate SA coordinate... 1383.01 sec
[bwa_aln_core] write to the disk... 0.04 sec
[bwa_aln_core] 16515072 sequences have been processed.
[bwa_aln_core] calculate SA coordinate... 1274.60 sec
[bwa_aln_core] write to the disk... 0.04 sec
[bwa_aln_core] 16777216 sequences have been processed.
[bwa_aln_core] calculate SA coordinate... 1812.71 sec
[bwa_aln_core] write to the disk... 0.03 sec
[bwa_aln_core] 17039360 sequences have been processed.
[bwa_aln_core] calculate SA coordinate... 1390.31 sec
[bwa_aln_core] write to the disk... 0.04 sec
[bwa_aln_core] 17301504 sequences have been processed.
[bwa_aln_core] calculate SA coordinate... 1816.63 sec
[bwa_aln_core] write to the disk... 0.05 sec
[bwa_aln_core] 17563648 sequences have been processed.
[bwa_aln_core] calculate SA coordinate... 35.22 sec
[bwa_aln_core] write to the disk... 0.01 sec
[bwa_aln_core] 17577648 sequences have been processed.
[main] Version: 0.7.5a-r405
[main] CMD: bwa aln -t 24 salmonRef.fa Sample-2_2.fastq
[main] Real time: 5780.924 sec; CPU: 96046.693 sec
[bwa_sai2sam_pe_core] convert to sequence coordinate... 
[infer_isize] fail to infer insert size: upper bound is smaller than read length
[bwa_sai2sam_pe_core] time elapses: 75.20 sec
[bwa_sai2sam_pe_core] changing coordinates of 0 alignments.
[bwa_sai2sam_pe_core] align unmapped mate...
[bwa_sai2sam_pe_core] time elapses: 0.70 sec
[bwa_sai2sam_pe_core] refine gapped alignments... 0.93 sec
[bwa_sai2sam_pe_core] print alignments... 2.63 sec
[bwa_sai2sam_pe_core] 262144 sequences have been processed.
[bwa_sai2sam_pe_core] convert to sequence coordinate... 
[infer_isize] fail to infer insert size: upper bound is smaller than read length
[bwa_sai2sam_pe_core] time elapses: 70.23 sec
[bwa_sai2sam_pe_core] changing coordinates of 0 alignments.
[bwa_sai2sam_pe_core] align unmapped mate...
[bwa_sai2sam_pe_core] time elapses: 0.56 sec
[bwa_sai2sam_pe_core] refine gapped alignments... 0.93 sec
[bwa_sai2sam_pe_core] print alignments... 2.25 sec
[bwa_sai2sam_pe_core] 524288 sequences have been processed.
[bwa_sai2sam_pe_core] convert to sequence coordinate... 
[infer_isize] fail to infer insert size: upper bound is smaller than read length
[bwa_sai2sam_pe_core] time elapses: 96.81 sec
[bwa_sai2sam_pe_core] changing coordinates of 0 alignments.
[bwa_sai2sam_pe_core] align unmapped mate...
[bwa_sai2sam_pe_core] time elapses: 0.71 sec
[bwa_sai2sam_pe_core] refine gapped alignments... 1.16 sec
[bwa_sai2sam_pe_core] print alignments... 2.67 sec
[bwa_sai2sam_pe_core] 786432 sequences have been processed.
[bwa_sai2sam_pe_core] convert to sequence coordinate... 
[infer_isize] fail to infer insert size: upper bound is smaller than read length
[bwa_sai2sam_pe_core] time elapses: 87.08 sec
[bwa_sai2sam_pe_core] changing coordinates of 0 alignments.
[bwa_sai2sam_pe_core] align unmapped mate...
[bwa_sai2sam_pe_core] time elapses: 0.63 sec
[bwa_sai2sam_pe_core] refine gapped alignments... 1.04 sec
[bwa_sai2sam_pe_core] print alignments... 2.59 sec
[bwa_sai2sam_pe_core] 1048576 sequences have been processed.
[bwa_sai2sam_pe_core] convert to sequence coordinate... 
[infer_isize] fail to infer insert size: upper bound is smaller than read length
[bwa_sai2sam_pe_core] time elapses: 92.45 sec
[bwa_sai2sam_pe_core] changing coordinates of 0 alignments.
[bwa_sai2sam_pe_core] align unmapped mate...
[bwa_sai2sam_pe_core] time elapses: 0.69 sec
[bwa_sai2sam_pe_core] refine gapped alignments... 1.08 sec
[bwa_sai2sam_pe_core] print alignments... 2.77 sec
[bwa_sai2sam_pe_core] 1310720 sequences have been processed.
[bwa_sai2sam_pe_core] convert to sequence coordinate... 
[infer_isize] fail to infer insert size: upper bound is smaller than read length
[bwa_sai2sam_pe_core] time elapses: 86.48 sec
[bwa_sai2sam_pe_core] changing coordinates of 0 alignments.
[bwa_sai2sam_pe_core] align unmapped mate...
[bwa_sai2sam_pe_core] time elapses: 0.70 sec
[bwa_sai2sam_pe_core] refine gapped alignments... 1.03 sec
[bwa_sai2sam_pe_core] print alignments... 2.71 sec
[bwa_sai2sam_pe_core] 1572864 sequences have been processed.
[bwa_sai2sam_pe_core] convert to sequence coordinate... 
[infer_isize] fail to infer insert size: upper bound is smaller than read length
[bwa_sai2sam_pe_core] time elapses: 93.35 sec
[bwa_sai2sam_pe_core] changing coordinates of 0 alignments.
[bwa_sai2sam_pe_core] align unmapped mate...
[bwa_sai2sam_pe_core] time elapses: 0.42 sec
[bwa_sai2sam_pe_core] refine gapped alignments... 1.08 sec
[bwa_sai2sam_pe_core] print alignments... 2.73 sec
[bwa_sai2sam_pe_core] 1835008 sequences have been processed.
[bwa_sai2sam_pe_core] convert to sequence coordinate... 
[infer_isize] fail to infer insert size: upper bound is smaller than read length
[bwa_sai2sam_pe_core] time elapses: 87.66 sec
[bwa_sai2sam_pe_core] changing coordinates of 0 alignments.
[bwa_sai2sam_pe_core] align unmapped mate...
[bwa_sai2sam_pe_core] time elapses: 0.70 sec
[bwa_sai2sam_pe_core] refine gapped alignments... 1.13 sec
[bwa_sai2sam_pe_core] print alignments... 2.54 sec
[bwa_sai2sam_pe_core] 2097152 sequences have been processed.
[bwa_sai2sam_pe_core] convert to sequence coordinate... 
[infer_isize] fail to infer insert size: upper bound is smaller than read length
[bwa_sai2sam_pe_core] time elapses: 94.46 sec
[bwa_sai2sam_pe_core] changing coordinates of 0 alignments.
[bwa_sai2sam_pe_core] align unmapped mate...
[bwa_sai2sam_pe_core] time elapses: 0.71 sec
[bwa_sai2sam_pe_core] refine gapped alignments... 1.12 sec
[bwa_sai2sam_pe_core] print alignments... 2.64 sec
[bwa_sai2sam_pe_core] 2359296 sequences have been processed.
[bwa_sai2sam_pe_core] convert to sequence coordinate... 
[infer_isize] fail to infer insert size: upper bound is smaller than read length
[bwa_sai2sam_pe_core] time elapses: 86.19 sec
[bwa_sai2sam_pe_core] changing coordinates of 0 alignments.
[bwa_sai2sam_pe_core] align unmapped mate...
[bwa_sai2sam_pe_core] time elapses: 0.43 sec
[bwa_sai2sam_pe_core] refine gapped alignments... 1.10 sec
[bwa_sai2sam_pe_core] print alignments... 2.16 sec
[bwa_sai2sam_pe_core] 2621440 sequences have been processed.
[bwa_sai2sam_pe_core] convert to sequence coordinate... 
[infer_isize] fail to infer insert size: upper bound is smaller than read length
[bwa_sai2sam_pe_core] time elapses: 93.76 sec
[bwa_sai2sam_pe_core] changing coordinates of 0 alignments.
[bwa_sai2sam_pe_core] align unmapped mate...
[bwa_sai2sam_pe_core] time elapses: 0.71 sec
[bwa_sai2sam_pe_core] refine gapped alignments... 1.11 sec
[bwa_sai2sam_pe_core] print alignments... 2.66 sec
[bwa_sai2sam_pe_core] 2883584 sequences have been processed.
[bwa_sai2sam_pe_core] convert to sequence coordinate... 
[infer_isize] fail to infer insert size: upper bound is smaller than read length
[bwa_sai2sam_pe_core] time elapses: 88.12 sec
[bwa_sai2sam_pe_core] changing coordinates of 0 alignments.
[bwa_sai2sam_pe_core] align unmapped mate...
[bwa_sai2sam_pe_core] time elapses: 0.71 sec
[bwa_sai2sam_pe_core] refine gapped alignments... 1.08 sec
[bwa_sai2sam_pe_core] print alignments... 2.74 sec
[bwa_sai2sam_pe_core] 3145728 sequences have been processed.
[bwa_sai2sam_pe_core] convert to sequence coordinate... 
[infer_isize] fail to infer insert size: upper bound is smaller than read length
[bwa_sai2sam_pe_core] time elapses: 89.86 sec
[bwa_sai2sam_pe_core] changing coordinates of 0 alignments.
[bwa_sai2sam_pe_core] align unmapped mate...
[bwa_sai2sam_pe_core] time elapses: 0.43 sec
[bwa_sai2sam_pe_core] refine gapped alignments... 1.11 sec
[bwa_sai2sam_pe_core] print alignments... 2.25 sec
[bwa_sai2sam_pe_core] 3407872 sequences have been processed.
[bwa_sai2sam_pe_core] convert to sequence coordinate... 
[infer_isize] fail to infer insert size: upper bound is smaller than read length
[bwa_sai2sam_pe_core] time elapses: 89.12 sec
[bwa_sai2sam_pe_core] changing coordinates of 0 alignments.
[bwa_sai2sam_pe_core] align unmapped mate...
[bwa_sai2sam_pe_core] time elapses: 0.61 sec
[bwa_sai2sam_pe_core] refine gapped alignments... 1.21 sec
[bwa_sai2sam_pe_core] print alignments... 2.90 sec
[bwa_sai2sam_pe_core] 3670016 sequences have been processed.
[bwa_sai2sam_pe_core] convert to sequence coordinate... 
[infer_isize] fail to infer insert size: upper bound is smaller than read length
[bwa_sai2sam_pe_core] time elapses: 89.20 sec
[bwa_sai2sam_pe_core] changing coordinates of 0 alignments.
[bwa_sai2sam_pe_core] align unmapped mate...
[bwa_sai2sam_pe_core] time elapses: 0.70 sec
[bwa_sai2sam_pe_core] refine gapped alignments... 1.06 sec
[bwa_sai2sam_pe_core] print alignments... 2.67 sec
[bwa_sai2sam_pe_core] 3932160 sequences have been processed.
[bwa_sai2sam_pe_core] convert to sequence coordinate... 
[infer_isize] fail to infer insert size: upper bound is smaller than read length
[bwa_sai2sam_pe_core] time elapses: 91.10 sec
[bwa_sai2sam_pe_core] changing coordinates of 0 alignments.
[bwa_sai2sam_pe_core] align unmapped mate...
[bwa_sai2sam_pe_core] time elapses: 0.48 sec
[bwa_sai2sam_pe_core] refine gapped alignments... 1.06 sec
[bwa_sai2sam_pe_core] print alignments... 2.73 sec
[bwa_sai2sam_pe_core] 4194304 sequences have been processed.
[bwa_sai2sam_pe_core] convert to sequence coordinate... 
[infer_isize] fail to infer insert size: upper bound is smaller than read length
[bwa_sai2sam_pe_core] time elapses: 90.47 sec
[bwa_sai2sam_pe_core] changing coordinates of 0 alignments.
[bwa_sai2sam_pe_core] align unmapped mate...
[bwa_sai2sam_pe_core] time elapses: 0.43 sec
[bwa_sai2sam_pe_core] refine gapped alignments... 1.06 sec
[bwa_sai2sam_pe_core] print alignments... 2.54 sec
[bwa_sai2sam_pe_core] 4456448 sequences have been processed.
[bwa_sai2sam_pe_core] convert to sequence coordinate... 
[infer_isize] fail to infer insert size: upper bound is smaller than read length
[bwa_sai2sam_pe_core] time elapses: 92.17 sec
[bwa_sai2sam_pe_core] changing coordinates of 0 alignments.
[bwa_sai2sam_pe_core] align unmapped mate...
[bwa_sai2sam_pe_core] time elapses: 0.71 sec
[bwa_sai2sam_pe_core] refine gapped alignments... 1.17 sec
[bwa_sai2sam_pe_core] print alignments... 2.75 sec
[bwa_sai2sam_pe_core] 4718592 sequences have been processed.
[bwa_sai2sam_pe_core] convert to sequence coordinate... 
[infer_isize] fail to infer insert size: upper bound is smaller than read length
[bwa_sai2sam_pe_core] time elapses: 89.90 sec
[bwa_sai2sam_pe_core] changing coordinates of 0 alignments.
[bwa_sai2sam_pe_core] align unmapped mate...
[bwa_sai2sam_pe_core] time elapses: 0.70 sec
[bwa_sai2sam_pe_core] refine gapped alignments... 1.10 sec
[bwa_sai2sam_pe_core] print alignments... 2.65 sec
[bwa_sai2sam_pe_core] 4980736 sequences have been processed.
[bwa_sai2sam_pe_core] convert to sequence coordinate... 
[infer_isize] fail to infer insert size: upper bound is smaller than read length
[bwa_sai2sam_pe_core] time elapses: 94.67 sec
[bwa_sai2sam_pe_core] changing coordinates of 0 alignments.
[bwa_sai2sam_pe_core] align unmapped mate...
[bwa_sai2sam_pe_core] time elapses: 0.45 sec
[bwa_sai2sam_pe_core] refine gapped alignments... 1.11 sec
[bwa_sai2sam_pe_core] print alignments... 2.32 sec
[bwa_sai2sam_pe_core] 5242880 sequences have been processed.
[bwa_sai2sam_pe_core] convert to sequence coordinate... 
[infer_isize] fail to infer insert size: upper bound is smaller than read length
[bwa_sai2sam_pe_core] time elapses: 88.91 sec
[bwa_sai2sam_pe_core] changing coordinates of 0 alignments.
[bwa_sai2sam_pe_core] align unmapped mate...
[bwa_sai2sam_pe_core] time elapses: 0.43 sec
[bwa_sai2sam_pe_core] refine gapped alignments... 1.04 sec
[bwa_sai2sam_pe_core] print alignments... 2.45 sec
[bwa_sai2sam_pe_core] 5505024 sequences have been processed.
[bwa_sai2sam_pe_core] convert to sequence coordinate... 
[infer_isize] fail to infer insert size: upper bound is smaller than read length
[bwa_sai2sam_pe_core] time elapses: 94.18 sec
[bwa_sai2sam_pe_core] changing coordinates of 0 alignments.
[bwa_sai2sam_pe_core] align unmapped mate...
[bwa_sai2sam_pe_core] time elapses: 0.44 sec
[bwa_sai2sam_pe_core] refine gapped alignments... 1.12 sec
[bwa_sai2sam_pe_core] print alignments... 2.78 sec
[bwa_sai2sam_pe_core] 5767168 sequences have been processed.
[bwa_sai2sam_pe_core] convert to sequence coordinate... 
[infer_isize] fail to infer insert size: upper bound is smaller than read length
[bwa_sai2sam_pe_core] time elapses: 89.39 sec
[bwa_sai2sam_pe_core] changing coordinates of 0 alignments.
[bwa_sai2sam_pe_core] align unmapped mate...
[bwa_sai2sam_pe_core] time elapses: 0.68 sec
[bwa_sai2sam_pe_core] refine gapped alignments... 1.05 sec
[bwa_sai2sam_pe_core] print alignments... 2.45 sec
[bwa_sai2sam_pe_core] 6029312 sequences have been processed.
[bwa_sai2sam_pe_core] convert to sequence coordinate... 
[infer_isize] fail to infer insert size: upper bound is smaller than read length
[bwa_sai2sam_pe_core] time elapses: 95.31 sec
[bwa_sai2sam_pe_core] changing coordinates of 0 alignments.
[bwa_sai2sam_pe_core] align unmapped mate...
[bwa_sai2sam_pe_core] time elapses: 0.70 sec
[bwa_sai2sam_pe_core] refine gapped alignments... 1.14 sec
[bwa_sai2sam_pe_core] print alignments... 2.69 sec
[bwa_sai2sam_pe_core] 6291456 sequences have been processed.
[bwa_sai2sam_pe_core] convert to sequence coordinate... 
[infer_isize] fail to infer insert size: upper bound is smaller than read length
[bwa_sai2sam_pe_core] time elapses: 87.71 sec
[bwa_sai2sam_pe_core] changing coordinates of 0 alignments.
[bwa_sai2sam_pe_core] align unmapped mate...
[bwa_sai2sam_pe_core] time elapses: 0.70 sec
[bwa_sai2sam_pe_core] refine gapped alignments... 1.08 sec
[bwa_sai2sam_pe_core] print alignments... 2.51 sec
[bwa_sai2sam_pe_core] 6553600 sequences have been processed.
[bwa_sai2sam_pe_core] convert to sequence coordinate... 
[infer_isize] fail to infer insert size: upper bound is smaller than read length
[bwa_sai2sam_pe_core] time elapses: 93.79 sec
[bwa_sai2sam_pe_core] changing coordinates of 0 alignments.
[bwa_sai2sam_pe_core] align unmapped mate...
[bwa_sai2sam_pe_core] time elapses: 0.71 sec
[bwa_sai2sam_pe_core] refine gapped alignments... 1.15 sec
[bwa_sai2sam_pe_core] print alignments... 2.88 sec
[bwa_sai2sam_pe_core] 6815744 sequences have been processed.
[bwa_sai2sam_pe_core] convert to sequence coordinate... 
[infer_isize] fail to infer insert size: upper bound is smaller than read length
[bwa_sai2sam_pe_core] time elapses: 87.18 sec
[bwa_sai2sam_pe_core] changing coordinates of 0 alignments.
[bwa_sai2sam_pe_core] align unmapped mate...
[bwa_sai2sam_pe_core] time elapses: 0.68 sec
[bwa_sai2sam_pe_core] refine gapped alignments... 1.04 sec
[bwa_sai2sam_pe_core] print alignments... 2.63 sec
[bwa_sai2sam_pe_core] 7077888 sequences have been processed.
[bwa_sai2sam_pe_core] convert to sequence coordinate... 
[infer_isize] fail to infer insert size: upper bound is smaller than read length
[bwa_sai2sam_pe_core] time elapses: 91.01 sec
[bwa_sai2sam_pe_core] changing coordinates of 0 alignments.
[bwa_sai2sam_pe_core] align unmapped mate...
[bwa_sai2sam_pe_core] time elapses: 0.71 sec
[bwa_sai2sam_pe_core] refine gapped alignments... 1.10 sec
[bwa_sai2sam_pe_core] print alignments... 2.44 sec
[bwa_sai2sam_pe_core] 7340032 sequences have been processed.
[bwa_sai2sam_pe_core] convert to sequence coordinate... 
[infer_isize] fail to infer insert size: upper bound is smaller than read length
[bwa_sai2sam_pe_core] time elapses: 83.82 sec
[bwa_sai2sam_pe_core] changing coordinates of 0 alignments.
[bwa_sai2sam_pe_core] align unmapped mate...
[bwa_sai2sam_pe_core] time elapses: 0.70 sec
[bwa_sai2sam_pe_core] refine gapped alignments... 1.07 sec
[bwa_sai2sam_pe_core] print alignments... 2.49 sec
[bwa_sai2sam_pe_core] 7602176 sequences have been processed.
[bwa_sai2sam_pe_core] convert to sequence coordinate... 
[infer_isize] fail to infer insert size: upper bound is smaller than read length
[bwa_sai2sam_pe_core] time elapses: 92.40 sec
[bwa_sai2sam_pe_core] changing coordinates of 0 alignments.
[bwa_sai2sam_pe_core] align unmapped mate...
[bwa_sai2sam_pe_core] time elapses: 0.72 sec
[bwa_sai2sam_pe_core] refine gapped alignments... 1.22 sec
[bwa_sai2sam_pe_core] print alignments... 2.78 sec
[bwa_sai2sam_pe_core] 7864320 sequences have been processed.
[bwa_sai2sam_pe_core] convert to sequence coordinate... 
[infer_isize] fail to infer insert size: upper bound is smaller than read length
[bwa_sai2sam_pe_core] time elapses: 84.14 sec
[bwa_sai2sam_pe_core] changing coordinates of 0 alignments.
[bwa_sai2sam_pe_core] align unmapped mate...
[bwa_sai2sam_pe_core] time elapses: 0.48 sec
[bwa_sai2sam_pe_core] refine gapped alignments... 1.02 sec
[bwa_sai2sam_pe_core] print alignments... 2.61 sec
[bwa_sai2sam_pe_core] 8126464 sequences have been processed.
[bwa_sai2sam_pe_core] convert to sequence coordinate... 
[infer_isize] fail to infer insert size: upper bound is smaller than read length
[bwa_sai2sam_pe_core] time elapses: 93.69 sec
[bwa_sai2sam_pe_core] changing coordinates of 0 alignments.
[bwa_sai2sam_pe_core] align unmapped mate...
[bwa_sai2sam_pe_core] time elapses: 0.55 sec
[bwa_sai2sam_pe_core] refine gapped alignments... 1.09 sec
[bwa_sai2sam_pe_core] print alignments... 2.63 sec
[bwa_sai2sam_pe_core] 8388608 sequences have been processed.
[bwa_sai2sam_pe_core] convert to sequence coordinate... 
[infer_isize] fail to infer insert size: upper bound is smaller than read length
[bwa_sai2sam_pe_core] time elapses: 83.76 sec
[bwa_sai2sam_pe_core] changing coordinates of 0 alignments.
[bwa_sai2sam_pe_core] align unmapped mate...
[bwa_sai2sam_pe_core] time elapses: 0.70 sec
[bwa_sai2sam_pe_core] refine gapped alignments... 1.11 sec
[bwa_sai2sam_pe_core] print alignments... 2.78 sec
[bwa_sai2sam_pe_core] 8650752 sequences have been processed.
[bwa_sai2sam_pe_core] convert to sequence coordinate... 
[infer_isize] fail to infer insert size: upper bound is smaller than read length
[bwa_sai2sam_pe_core] time elapses: 93.06 sec
[bwa_sai2sam_pe_core] changing coordinates of 0 alignments.
[bwa_sai2sam_pe_core] align unmapped mate...
[bwa_sai2sam_pe_core] time elapses: 0.72 sec
[bwa_sai2sam_pe_core] refine gapped alignments... 1.19 sec
[bwa_sai2sam_pe_core] print alignments... 2.78 sec
[bwa_sai2sam_pe_core] 8912896 sequences have been processed.
[bwa_sai2sam_pe_core] convert to sequence coordinate... 
[infer_isize] fail to infer insert size: upper bound is smaller than read length
[bwa_sai2sam_pe_core] time elapses: 84.71 sec
[bwa_sai2sam_pe_core] changing coordinates of 0 alignments.
[bwa_sai2sam_pe_core] align unmapped mate...
[bwa_sai2sam_pe_core] time elapses: 0.45 sec
[bwa_sai2sam_pe_core] refine gapped alignments... 1.09 sec
[bwa_sai2sam_pe_core] print alignments... 2.76 sec
[bwa_sai2sam_pe_core] 9175040 sequences have been processed.
[bwa_sai2sam_pe_core] convert to sequence coordinate... 
[infer_isize] fail to infer insert size: upper bound is smaller than read length
[bwa_sai2sam_pe_core] time elapses: 94.30 sec
[bwa_sai2sam_pe_core] changing coordinates of 0 alignments.
[bwa_sai2sam_pe_core] align unmapped mate...
[bwa_sai2sam_pe_core] time elapses: 0.70 sec
[bwa_sai2sam_pe_core] refine gapped alignments... 1.23 sec
[bwa_sai2sam_pe_core] print alignments... 2.62 sec
[bwa_sai2sam_pe_core] 9437184 sequences have been processed.
[bwa_sai2sam_pe_core] convert to sequence coordinate... 
[infer_isize] fail to infer insert size: upper bound is smaller than read length
[bwa_sai2sam_pe_core] time elapses: 86.00 sec
[bwa_sai2sam_pe_core] changing coordinates of 0 alignments.
[bwa_sai2sam_pe_core] align unmapped mate...
[bwa_sai2sam_pe_core] time elapses: 0.43 sec
[bwa_sai2sam_pe_core] refine gapped alignments... 1.02 sec
[bwa_sai2sam_pe_core] print alignments... 2.66 sec
[bwa_sai2sam_pe_core] 9699328 sequences have been processed.
[bwa_sai2sam_pe_core] convert to sequence coordinate... 
[infer_isize] fail to infer insert size: upper bound is smaller than read length
[bwa_sai2sam_pe_core] time elapses: 92.28 sec
[bwa_sai2sam_pe_core] changing coordinates of 0 alignments.
[bwa_sai2sam_pe_core] align unmapped mate...
[bwa_sai2sam_pe_core] time elapses: 0.51 sec
[bwa_sai2sam_pe_core] refine gapped alignments... 1.10 sec
[bwa_sai2sam_pe_core] print alignments... 2.39 sec
[bwa_sai2sam_pe_core] 9961472 sequences have been processed.
[bwa_sai2sam_pe_core] convert to sequence coordinate... 
[infer_isize] fail to infer insert size: upper bound is smaller than read length
[bwa_sai2sam_pe_core] time elapses: 71.87 sec
[bwa_sai2sam_pe_core] changing coordinates of 0 alignments.
[bwa_sai2sam_pe_core] align unmapped mate...
[bwa_sai2sam_pe_core] time elapses: 0.47 sec
[bwa_sai2sam_pe_core] refine gapped alignments... 0.96 sec
[bwa_sai2sam_pe_core] print alignments... 2.70 sec
[bwa_sai2sam_pe_core] 10223616 sequences have been processed.
[bwa_sai2sam_pe_core] convert to sequence coordinate... 
[infer_isize] fail to infer insert size: upper bound is smaller than read length
[bwa_sai2sam_pe_core] time elapses: 58.56 sec
[bwa_sai2sam_pe_core] changing coordinates of 0 alignments.
[bwa_sai2sam_pe_core] align unmapped mate...
[bwa_sai2sam_pe_core] time elapses: 0.51 sec
[bwa_sai2sam_pe_core] refine gapped alignments... 0.88 sec
[bwa_sai2sam_pe_core] print alignments... 2.29 sec
[bwa_sai2sam_pe_core] 10485760 sequences have been processed.
[bwa_sai2sam_pe_core] convert to sequence coordinate... 
[infer_isize] fail to infer insert size: upper bound is smaller than read length
[bwa_sai2sam_pe_core] time elapses: 63.60 sec
[bwa_sai2sam_pe_core] changing coordinates of 0 alignments.
[bwa_sai2sam_pe_core] align unmapped mate...
[bwa_sai2sam_pe_core] time elapses: 0.70 sec
[bwa_sai2sam_pe_core] refine gapped alignments... 0.96 sec
[bwa_sai2sam_pe_core] print alignments... 2.57 sec
[bwa_sai2sam_pe_core] 10747904 sequences have been processed.
[bwa_sai2sam_pe_core] convert to sequence coordinate... 
[infer_isize] fail to infer insert size: upper bound is smaller than read length
[bwa_sai2sam_pe_core] time elapses: 67.09 sec
[bwa_sai2sam_pe_core] changing coordinates of 0 alignments.
[bwa_sai2sam_pe_core] align unmapped mate...
[bwa_sai2sam_pe_core] time elapses: 0.43 sec
[bwa_sai2sam_pe_core] refine gapped alignments... 0.97 sec
[bwa_sai2sam_pe_core] print alignments... 2.64 sec
[bwa_sai2sam_pe_core] 11010048 sequences have been processed.
[bwa_sai2sam_pe_core] convert to sequence coordinate... 
[infer_isize] fail to infer insert size: upper bound is smaller than read length
[bwa_sai2sam_pe_core] time elapses: 86.53 sec
[bwa_sai2sam_pe_core] changing coordinates of 0 alignments.
[bwa_sai2sam_pe_core] align unmapped mate...
[bwa_sai2sam_pe_core] time elapses: 0.57 sec
[bwa_sai2sam_pe_core] refine gapped alignments... 1.04 sec
[bwa_sai2sam_pe_core] print alignments... 2.65 sec
[bwa_sai2sam_pe_core] 11272192 sequences have been processed.
[bwa_sai2sam_pe_core] convert to sequence coordinate... 
[infer_isize] fail to infer insert size: upper bound is smaller than read length
[bwa_sai2sam_pe_core] time elapses: 81.50 sec
[bwa_sai2sam_pe_core] changing coordinates of 0 alignments.
[bwa_sai2sam_pe_core] align unmapped mate...
[bwa_sai2sam_pe_core] time elapses: 0.43 sec
[bwa_sai2sam_pe_core] refine gapped alignments... 1.01 sec
[bwa_sai2sam_pe_core] print alignments... 2.70 sec
[bwa_sai2sam_pe_core] 11534336 sequences have been processed.
[bwa_sai2sam_pe_core] convert to sequence coordinate... 
[infer_isize] fail to infer insert size: upper bound is smaller than read length
[bwa_sai2sam_pe_core] time elapses: 83.46 sec
[bwa_sai2sam_pe_core] changing coordinates of 0 alignments.
[bwa_sai2sam_pe_core] align unmapped mate...
[bwa_sai2sam_pe_core] time elapses: 0.69 sec
[bwa_sai2sam_pe_core] refine gapped alignments... 1.03 sec
[bwa_sai2sam_pe_core] print alignments... 2.59 sec
[bwa_sai2sam_pe_core] 11796480 sequences have been processed.
[bwa_sai2sam_pe_core] convert to sequence coordinate... 
[infer_isize] fail to infer insert size: upper bound is smaller than read length
[bwa_sai2sam_pe_core] time elapses: 83.12 sec
[bwa_sai2sam_pe_core] changing coordinates of 0 alignments.
[bwa_sai2sam_pe_core] align unmapped mate...
[bwa_sai2sam_pe_core] time elapses: 0.71 sec
[bwa_sai2sam_pe_core] refine gapped alignments... 1.03 sec
[bwa_sai2sam_pe_core] print alignments... 2.76 sec
[bwa_sai2sam_pe_core] 12058624 sequences have been processed.
[bwa_sai2sam_pe_core] convert to sequence coordinate... 
[infer_isize] fail to infer insert size: upper bound is smaller than read length
[bwa_sai2sam_pe_core] time elapses: 79.29 sec
[bwa_sai2sam_pe_core] changing coordinates of 0 alignments.
[bwa_sai2sam_pe_core] align unmapped mate...
[bwa_sai2sam_pe_core] time elapses: 0.44 sec
[bwa_sai2sam_pe_core] refine gapped alignments... 1.05 sec
[bwa_sai2sam_pe_core] print alignments... 2.60 sec
[bwa_sai2sam_pe_core] 12320768 sequences have been processed.
[bwa_sai2sam_pe_core] convert to sequence coordinate... 
[infer_isize] fail to infer insert size: upper bound is smaller than read length
[bwa_sai2sam_pe_core] time elapses: 89.29 sec
[bwa_sai2sam_pe_core] changing coordinates of 0 alignments.
[bwa_sai2sam_pe_core] align unmapped mate...
[bwa_sai2sam_pe_core] time elapses: 0.72 sec
[bwa_sai2sam_pe_core] refine gapped alignments... 1.17 sec
[bwa_sai2sam_pe_core] print alignments... 2.60 sec
[bwa_sai2sam_pe_core] 12582912 sequences have been processed.
[bwa_sai2sam_pe_core] convert to sequence coordinate... 
[infer_isize] fail to infer insert size: upper bound is smaller than read length
[bwa_sai2sam_pe_core] time elapses: 80.41 sec
[bwa_sai2sam_pe_core] changing coordinates of 0 alignments.
[bwa_sai2sam_pe_core] align unmapped mate...
[bwa_sai2sam_pe_core] time elapses: 0.48 sec
[bwa_sai2sam_pe_core] refine gapped alignments... 1.01 sec
[bwa_sai2sam_pe_core] print alignments... 2.24 sec
[bwa_sai2sam_pe_core] 12845056 sequences have been processed.
[bwa_sai2sam_pe_core] convert to sequence coordinate... 
[infer_isize] fail to infer insert size: upper bound is smaller than read length
[bwa_sai2sam_pe_core] time elapses: 86.98 sec
[bwa_sai2sam_pe_core] changing coordinates of 0 alignments.
[bwa_sai2sam_pe_core] align unmapped mate...
[bwa_sai2sam_pe_core] time elapses: 0.43 sec
[bwa_sai2sam_pe_core] refine gapped alignments... 1.03 sec
[bwa_sai2sam_pe_core] print alignments... 2.71 sec
[bwa_sai2sam_pe_core] 13107200 sequences have been processed.
[bwa_sai2sam_pe_core] convert to sequence coordinate... 
[infer_isize] fail to infer insert size: upper bound is smaller than read length
[bwa_sai2sam_pe_core] time elapses: 77.33 sec
[bwa_sai2sam_pe_core] changing coordinates of 0 alignments.
[bwa_sai2sam_pe_core] align unmapped mate...
[bwa_sai2sam_pe_core] time elapses: 0.71 sec
[bwa_sai2sam_pe_core] refine gapped alignments... 0.99 sec
[bwa_sai2sam_pe_core] print alignments... 2.35 sec
[bwa_sai2sam_pe_core] 13369344 sequences have been processed.
[bwa_sai2sam_pe_core] convert to sequence coordinate... 
[infer_isize] fail to infer insert size: upper bound is smaller than read length
[bwa_sai2sam_pe_core] time elapses: 85.71 sec
[bwa_sai2sam_pe_core] changing coordinates of 0 alignments.
[bwa_sai2sam_pe_core] align unmapped mate...
[bwa_sai2sam_pe_core] time elapses: 0.53 sec
[bwa_sai2sam_pe_core] refine gapped alignments... 1.08 sec
[bwa_sai2sam_pe_core] print alignments... 2.47 sec
[bwa_sai2sam_pe_core] 13631488 sequences have been processed.
[bwa_sai2sam_pe_core] convert to sequence coordinate... 
[infer_isize] fail to infer insert size: upper bound is smaller than read length
[bwa_sai2sam_pe_core] time elapses: 77.76 sec
[bwa_sai2sam_pe_core] changing coordinates of 0 alignments.
[bwa_sai2sam_pe_core] align unmapped mate...
[bwa_sai2sam_pe_core] time elapses: 0.47 sec
[bwa_sai2sam_pe_core] refine gapped alignments... 0.97 sec
[bwa_sai2sam_pe_core] print alignments... 2.41 sec
[bwa_sai2sam_pe_core] 13893632 sequences have been processed.
[bwa_sai2sam_pe_core] convert to sequence coordinate... 
[infer_isize] fail to infer insert size: upper bound is smaller than read length
[bwa_sai2sam_pe_core] time elapses: 88.40 sec
[bwa_sai2sam_pe_core] changing coordinates of 0 alignments.
[bwa_sai2sam_pe_core] align unmapped mate...
[bwa_sai2sam_pe_core] time elapses: 0.43 sec
[bwa_sai2sam_pe_core] refine gapped alignments... 1.09 sec
[bwa_sai2sam_pe_core] print alignments... 2.64 sec
[bwa_sai2sam_pe_core] 14155776 sequences have been processed.
[bwa_sai2sam_pe_core] convert to sequence coordinate... 
[infer_isize] fail to infer insert size: upper bound is smaller than read length
[bwa_sai2sam_pe_core] time elapses: 76.93 sec
[bwa_sai2sam_pe_core] changing coordinates of 0 alignments.
[bwa_sai2sam_pe_core] align unmapped mate...
[bwa_sai2sam_pe_core] time elapses: 0.69 sec
[bwa_sai2sam_pe_core] refine gapped alignments... 1.00 sec
[bwa_sai2sam_pe_core] print alignments... 2.60 sec
[bwa_sai2sam_pe_core] 14417920 sequences have been processed.
[bwa_sai2sam_pe_core] convert to sequence coordinate... 
[infer_isize] fail to infer insert size: upper bound is smaller than read length
[bwa_sai2sam_pe_core] time elapses: 87.13 sec
[bwa_sai2sam_pe_core] changing coordinates of 0 alignments.
[bwa_sai2sam_pe_core] align unmapped mate...
[bwa_sai2sam_pe_core] time elapses: 0.70 sec
[bwa_sai2sam_pe_core] refine gapped alignments... 1.11 sec
[bwa_sai2sam_pe_core] print alignments... 2.57 sec
[bwa_sai2sam_pe_core] 14680064 sequences have been processed.
[bwa_sai2sam_pe_core] convert to sequence coordinate... 
[infer_isize] fail to infer insert size: upper bound is smaller than read length
[bwa_sai2sam_pe_core] time elapses: 75.93 sec
[bwa_sai2sam_pe_core] changing coordinates of 0 alignments.
[bwa_sai2sam_pe_core] align unmapped mate...
[bwa_sai2sam_pe_core] time elapses: 0.70 sec
[bwa_sai2sam_pe_core] refine gapped alignments... 0.97 sec
[bwa_sai2sam_pe_core] print alignments... 2.60 sec
[bwa_sai2sam_pe_core] 14942208 sequences have been processed.
[bwa_sai2sam_pe_core] convert to sequence coordinate... 
[infer_isize] fail to infer insert size: upper bound is smaller than read length
[bwa_sai2sam_pe_core] time elapses: 85.00 sec
[bwa_sai2sam_pe_core] changing coordinates of 0 alignments.
[bwa_sai2sam_pe_core] align unmapped mate...
[bwa_sai2sam_pe_core] time elapses: 0.64 sec
[bwa_sai2sam_pe_core] refine gapped alignments... 1.03 sec
[bwa_sai2sam_pe_core] print alignments... 2.69 sec
[bwa_sai2sam_pe_core] 15204352 sequences have been processed.
[bwa_sai2sam_pe_core] convert to sequence coordinate... 
[infer_isize] fail to infer insert size: upper bound is smaller than read length
[bwa_sai2sam_pe_core] time elapses: 72.27 sec
[bwa_sai2sam_pe_core] changing coordinates of 0 alignments.
[bwa_sai2sam_pe_core] align unmapped mate...
[bwa_sai2sam_pe_core] time elapses: 0.69 sec
[bwa_sai2sam_pe_core] refine gapped alignments... 0.95 sec
[bwa_sai2sam_pe_core] print alignments... 2.64 sec
[bwa_sai2sam_pe_core] 15466496 sequences have been processed.
[bwa_sai2sam_pe_core] convert to sequence coordinate... 
[infer_isize] fail to infer insert size: upper bound is smaller than read length
[bwa_sai2sam_pe_core] time elapses: 80.12 sec
[bwa_sai2sam_pe_core] changing coordinates of 0 alignments.
[bwa_sai2sam_pe_core] align unmapped mate...
[bwa_sai2sam_pe_core] time elapses: 0.71 sec
[bwa_sai2sam_pe_core] refine gapped alignments... 1.03 sec
[bwa_sai2sam_pe_core] print alignments... 2.69 sec
[bwa_sai2sam_pe_core] 15728640 sequences have been processed.
[bwa_sai2sam_pe_core] convert to sequence coordinate... 
[infer_isize] fail to infer insert size: upper bound is smaller than read length
[bwa_sai2sam_pe_core] time elapses: 78.67 sec
[bwa_sai2sam_pe_core] changing coordinates of 0 alignments.
[bwa_sai2sam_pe_core] align unmapped mate...
[bwa_sai2sam_pe_core] time elapses: 0.49 sec
[bwa_sai2sam_pe_core] refine gapped alignments... 1.01 sec
[bwa_sai2sam_pe_core] print alignments... 2.30 sec
[bwa_sai2sam_pe_core] 15990784 sequences have been processed.
[bwa_sai2sam_pe_core] convert to sequence coordinate... 
[infer_isize] fail to infer insert size: upper bound is smaller than read length
[bwa_sai2sam_pe_core] time elapses: 79.52 sec
[bwa_sai2sam_pe_core] changing coordinates of 0 alignments.
[bwa_sai2sam_pe_core] align unmapped mate...
[bwa_sai2sam_pe_core] time elapses: 0.59 sec
[bwa_sai2sam_pe_core] refine gapped alignments... 1.08 sec
[bwa_sai2sam_pe_core] print alignments... 2.76 sec
[bwa_sai2sam_pe_core] 16252928 sequences have been processed.
[bwa_sai2sam_pe_core] convert to sequence coordinate... 
[infer_isize] fail to infer insert size: upper bound is smaller than read length
[bwa_sai2sam_pe_core] time elapses: 84.59 sec
[bwa_sai2sam_pe_core] changing coordinates of 0 alignments.
[bwa_sai2sam_pe_core] align unmapped mate...
[bwa_sai2sam_pe_core] time elapses: 0.49 sec
[bwa_sai2sam_pe_core] refine gapped alignments... 1.03 sec
[bwa_sai2sam_pe_core] print alignments... 2.69 sec
[bwa_sai2sam_pe_core] 16515072 sequences have been processed.
[bwa_sai2sam_pe_core] convert to sequence coordinate... 
[infer_isize] fail to infer insert size: upper bound is smaller than read length
[bwa_sai2sam_pe_core] time elapses: 76.76 sec
[bwa_sai2sam_pe_core] changing coordinates of 0 alignments.
[bwa_sai2sam_pe_core] align unmapped mate...
[bwa_sai2sam_pe_core] time elapses: 0.76 sec
[bwa_sai2sam_pe_core] refine gapped alignments... 0.98 sec
[bwa_sai2sam_pe_core] print alignments... 2.46 sec
[bwa_sai2sam_pe_core] 16777216 sequences have been processed.
[bwa_sai2sam_pe_core] convert to sequence coordinate... 
[infer_isize] fail to infer insert size: upper bound is smaller than read length
[bwa_sai2sam_pe_core] time elapses: 84.32 sec
[bwa_sai2sam_pe_core] changing coordinates of 0 alignments.
[bwa_sai2sam_pe_core] align unmapped mate...
[bwa_sai2sam_pe_core] time elapses: 0.57 sec
[bwa_sai2sam_pe_core] refine gapped alignments... 1.05 sec
[bwa_sai2sam_pe_core] print alignments... 2.29 sec
[bwa_sai2sam_pe_core] 17039360 sequences have been processed.
[bwa_sai2sam_pe_core] convert to sequence coordinate... 
[infer_isize] fail to infer insert size: upper bound is smaller than read length
[bwa_sai2sam_pe_core] time elapses: 76.53 sec
[bwa_sai2sam_pe_core] changing coordinates of 0 alignments.
[bwa_sai2sam_pe_core] align unmapped mate...
[bwa_sai2sam_pe_core] time elapses: 0.44 sec
[bwa_sai2sam_pe_core] refine gapped alignments... 1.00 sec
[bwa_sai2sam_pe_core] print alignments... 2.42 sec
[bwa_sai2sam_pe_core] 17301504 sequences have been processed.
[bwa_sai2sam_pe_core] convert to sequence coordinate... 
[infer_isize] fail to infer insert size: upper bound is smaller than read length
[bwa_sai2sam_pe_core] time elapses: 83.16 sec
[bwa_sai2sam_pe_core] changing coordinates of 0 alignments.
[bwa_sai2sam_pe_core] align unmapped mate...
[bwa_sai2sam_pe_core] time elapses: 0.57 sec
[bwa_sai2sam_pe_core] refine gapped alignments... 1.07 sec
[bwa_sai2sam_pe_core] print alignments... 2.34 sec
[bwa_sai2sam_pe_core] 17563648 sequences have been processed.
[bwa_sai2sam_pe_core] convert to sequence coordinate... 
[infer_isize] fail to infer insert size: upper bound is smaller than read length
[bwa_sai2sam_pe_core] time elapses: 5.94 sec
[bwa_sai2sam_pe_core] changing coordinates of 0 alignments.
[bwa_sai2sam_pe_core] align unmapped mate...
[bwa_sai2sam_pe_core] time elapses: 0.40 sec
[bwa_sai2sam_pe_core] refine gapped alignments... 0.04 sec
[bwa_sai2sam_pe_core] print alignments... 0.12 sec
[bwa_sai2sam_pe_core] 17577648 sequences have been processed.
[main] Version: 0.7.5a-r405
[main] CMD: bwa sampe salmonRef.fa alignment1.sai alignment2.sai Sample-2_1.fastq Sample-2_2.fastq
[main] Real time: 6195.898 sec; CPU: 6091.632 sec
[bam_sort_core] merging from 31 files...
[M::bam2fq_mainloop] processed 22267587 reads

Currently Loaded Modulefiles:
  1) bwa/0.7.5a       2) htslib/1.3.1     3) samtools/1.3.1

Job script resource usage:
       JobID  MaxVMSize     MaxRSS 
------------ ---------- ---------- 
15673495.ba+  12626372K   9232040K 

Job step resource usage:
       JobID    JobName  AllocCPUS  MaxVMSize     MaxRSS    Elapsed ExitCode 
------------ ---------- ---------- ---------- ---------- ---------- -------- 
15673495     mapping_G+         24                         06:48:32      0:0 

Job 15673495 ("mapping_Genome") completed on c60-1 at ma. 03. okt. 04:45:05 +0200 2016
